Base path: C:/Program Files (x86)/Unity/Editor/Data
Pipe name: \\.\pipe\UnityShaderCompiler-2-4548
Cmd: getPlatforms
Cmd: compileSnippet
  api=8 type=0 insize=1526 outsize=2966 kw=SOFTPARTICLES_ON ok=1
Cmd: compileSnippet
  api=0 type=1 insize=1526 outsize=488 kw=SOFTPARTICLES_ON ok=1
Cmd: compileSnippet
  api=8 type=0 insize=984 outsize=2885 kw= ok=1
Cmd: compileSnippet
  api=0 type=0 insize=984 outsize=658 kw= ok=1
Cmd: compileSnippet
  api=0 type=0 insize=397 outsize=281 kw= ok=1
Cmd: compileSnippet
  api=8 type=1 insize=397 outsize=553 kw= ok=1
Cmd: compileSnippet
  api=8 type=1 insize=1643 outsize=2153 kw= ok=1
Cmd: compileSnippet
  api=0 type=1 insize=1287 outsize=527 kw= ok=1
Unhandled exception: Readfile from pipe failed. GLE=The pipe has been ended.


Quitting shader compiler process
